# JRE version: Java(TM) SE Runtime Environment (8.0_221-b11) (build 1.8.0_221-b11)
# Java VM: Java HotSpot(TM) 64-Bit Server VM (25.221-b11 mixed mode windows-amd64 compressed oops)
Heap:
 PSYoungGen      total 119808K, used 30941K [0x000000076af80000, 0x0000000774180000, 0x00000007c0000000)
  eden space 109056K, 19% used [0x000000076af80000,0x000000076c45b9b8,0x0000000771a00000)
  from space 10752K, 89% used [0x0000000772c80000,0x00000007735dbd98,0x0000000773700000)
  to   space 7680K, 0% used [0x0000000773a00000,0x0000000773a00000,0x0000000774180000)
 ParOldGen       total 93696K, used 7507K [0x00000006c0e00000, 0x00000006c6980000, 0x000000076af80000)
  object space 93696K, 8% used [0x00000006c0e00000,0x00000006c1554c90,0x00000006c6980000)
 Metaspace       used 30418K, capacity 31650K, committed 31872K, reserved 1077248K
  class space    used 3940K, capacity 4217K, committed 4224K, reserved 1048576K
GC Heap History (10 events):
Event: 1.025 GC heap before
{Heap before GC invocations=2 (full 0):
 PSYoungGen      total 76288K, used 72445K [0x000000076af80000, 0x0000000770480000, 0x00000007c0000000)
  eden space 65536K, 100% used [0x000000076af80000,0x000000076ef80000,0x000000076ef80000)
  from space 10752K, 64% used [0x000000076ef80000,0x000000076f63f5a0,0x000000076fa00000)
  to   space 10752K, 0% used [0x000000076fa00000,0x000000076fa00000,0x0000000770480000)
 ParOldGen       total 175104K, used 16K [0x00000006c0e00000, 0x00000006cb900000, 0x000000076af80000)
  object space 175104K, 0% used [0x00000006c0e00000,0x00000006c0e04000,0x00000006cb900000)
 Metaspace       used 17907K, capacity 18492K, committed 18688K, reserved 1064960K
  class space    used 2359K, capacity 2498K, committed 2560K, reserved 1048576K
Event: 1.037 GC heap after
Heap after GC invocations=2 (full 0):
 PSYoungGen      total 76288K, used 9006K [0x000000076af80000, 0x0000000774480000, 0x00000007c0000000)
  eden space 65536K, 0% used [0x000000076af80000,0x000000076af80000,0x000000076ef80000)
  from space 10752K, 83% used [0x000000076fa00000,0x00000007702cb940,0x0000000770480000)
  to   space 10752K, 0% used [0x000000076ef80000,0x000000076ef80000,0x000000076fa00000)
 ParOldGen       total 175104K, used 24K [0x00000006c0e00000, 0x00000006cb900000, 0x000000076af80000)
  object space 175104K, 0% used [0x00000006c0e00000,0x00000006c0e06000,0x00000006cb900000)
 Metaspace       used 17907K, capacity 18492K, committed 18688K, reserved 1064960K
  class space    used 2359K, capacity 2498K, committed 2560K, reserved 1048576K
}
Event: 1.132 GC heap before
{Heap before GC invocations=3 (full 0):
 PSYoungGen      total 76288K, used 33112K [0x000000076af80000, 0x0000000774480000, 0x00000007c0000000)
  eden space 65536K, 36% used [0x000000076af80000,0x000000076c70a9c0,0x000000076ef80000)
  from space 10752K, 83% used [0x000000076fa00000,0x00000007702cb940,0x0000000770480000)
  to   space 10752K, 0% used [0x000000076ef80000,0x000000076ef80000,0x000000076fa00000)
 ParOldGen       total 175104K, used 24K [0x00000006c0e00000, 0x00000006cb900000, 0x000000076af80000)
  object space 175104K, 0% used [0x00000006c0e00000,0x00000006c0e06000,0x00000006cb900000)
 Metaspace       used 20602K, capacity 21174K, committed 21248K, reserved 1067008K
  class space    used 2641K, capacity 2813K, committed 2816K, reserved 1048576K
Event: 1.137 GC heap after
Heap after GC invocations=3 (full 0):
 PSYoungGen      total 76288K, used 7742K [0x000000076af80000, 0x0000000774480000, 0x00000007c0000000)
  eden space 65536K, 0% used [0x000000076af80000,0x000000076af80000,0x000000076ef80000)
  from space 10752K, 72% used [0x000000076ef80000,0x000000076f70f9e0,0x000000076fa00000)
  to   space 10752K, 0% used [0x0000000773a00000,0x0000000773a00000,0x0000000774480000)
 ParOldGen       total 175104K, used 32K [0x00000006c0e00000, 0x00000006cb900000, 0x000000076af80000)
  object space 175104K, 0% used [0x00000006c0e00000,0x00000006c0e08000,0x00000006cb900000)
 Metaspace       used 20602K, capacity 21174K, committed 21248K, reserved 1067008K
  class space    used 2641K, capacity 2813K, committed 2816K, reserved 1048576K
}
Event: 1.137 GC heap before
{Heap before GC invocations=4 (full 1):
 PSYoungGen      total 76288K, used 7742K [0x000000076af80000, 0x0000000774480000, 0x00000007c0000000)
  eden space 65536K, 0% used [0x000000076af80000,0x000000076af80000,0x000000076ef80000)
  from space 10752K, 72% used [0x000000076ef80000,0x000000076f70f9e0,0x000000076fa00000)
  to   space 10752K, 0% used [0x0000000773a00000,0x0000000773a00000,0x0000000774480000)
 ParOldGen       total 175104K, used 32K [0x00000006c0e00000, 0x00000006cb900000, 0x000000076af80000)
  object space 175104K, 0% used [0x00000006c0e00000,0x00000006c0e08000,0x00000006cb900000)
 Metaspace       used 20602K, capacity 21174K, committed 21248K, reserved 1067008K
  class space    used 2641K, capacity 2813K, committed 2816K, reserved 1048576K
Event: 1.153 GC heap after
Heap after GC invocations=4 (full 1):
 PSYoungGen      total 76288K, used 0K [0x000000076af80000, 0x0000000774480000, 0x00000007c0000000)
  eden space 65536K, 0% used [0x000000076af80000,0x000000076af80000,0x000000076ef80000)
  from space 10752K, 0% used [0x000000076ef80000,0x000000076ef80000,0x000000076fa00000)
  to   space 10752K, 0% used [0x0000000773a00000,0x0000000773a00000,0x0000000774480000)
 ParOldGen       total 93696K, used 7427K [0x00000006c0e00000, 0x00000006c6980000, 0x000000076af80000)
  object space 93696K, 7% used [0x00000006c0e00000,0x00000006c1540c80,0x00000006c6980000)
 Metaspace       used 20602K, capacity 21174K, committed 21248K, reserved 1067008K
  class space    used 2641K, capacity 2813K, committed 2816K, reserved 1048576K
}
Event: 1.568 GC heap before
{Heap before GC invocations=5 (full 1):
 PSYoungGen      total 76288K, used 65536K [0x000000076af80000, 0x0000000774480000, 0x00000007c0000000)
  eden space 65536K, 100% used [0x000000076af80000,0x000000076ef80000,0x000000076ef80000)
  from space 10752K, 0% used [0x000000076ef80000,0x000000076ef80000,0x000000076fa00000)
  to   space 10752K, 0% used [0x0000000773a00000,0x0000000773a00000,0x0000000774480000)
 ParOldGen       total 93696K, used 7427K [0x00000006c0e00000, 0x00000006c6980000, 0x000000076af80000)
  object space 93696K, 7% used [0x00000006c0e00000,0x00000006c1540c80,0x00000006c6980000)
 Metaspace       used 26446K, capacity 27254K, committed 27520K, reserved 1073152K
  class space    used 3427K, capacity 3645K, committed 3712K, reserved 1048576K
Event: 1.574 GC heap after
Heap after GC invocations=5 (full 1):
 PSYoungGen      total 116736K, used 7264K [0x000000076af80000, 0x0000000774180000, 0x00000007c0000000)
  eden space 109056K, 0% used [0x000000076af80000,0x000000076af80000,0x0000000771a00000)
  from space 7680K, 94% used [0x0000000773a00000,0x0000000774118360,0x0000000774180000)
  to   space 10752K, 0% used [0x0000000772c80000,0x0000000772c80000,0x0000000773700000)
 ParOldGen       total 93696K, used 7499K [0x00000006c0e00000, 0x00000006c6980000, 0x000000076af80000)
  object space 93696K, 8% used [0x00000006c0e00000,0x00000006c1552c90,0x00000006c6980000)
 Metaspace       used 26446K, capacity 27254K, committed 27520K, reserved 1073152K
  class space    used 3427K, capacity 3645K, committed 3712K, reserved 1048576K
}
Event: 2.173 GC heap before
{Heap before GC invocations=6 (full 1):
 PSYoungGen      total 116736K, used 116320K [0x000000076af80000, 0x0000000774180000, 0x00000007c0000000)
  eden space 109056K, 100% used [0x000000076af80000,0x0000000771a00000,0x0000000771a00000)
  from space 7680K, 94% used [0x0000000773a00000,0x0000000774118360,0x0000000774180000)
  to   space 10752K, 0% used [0x0000000772c80000,0x0000000772c80000,0x0000000773700000)
 ParOldGen       total 93696K, used 7499K [0x00000006c0e00000, 0x00000006c6980000, 0x000000076af80000)
  object space 93696K, 8% used [0x00000006c0e00000,0x00000006c1552c90,0x00000006c6980000)
 Metaspace       used 30067K, capacity 31294K, committed 31616K, reserved 1077248K
  class space    used 3883K, capacity 4145K, committed 4224K, reserved 1048576K
Event: 2.180 GC heap after
Heap after GC invocations=6 (full 1):
 PSYoungGen      total 119808K, used 9583K [0x000000076af80000, 0x0000000774180000, 0x00000007c0000000)
  eden space 109056K, 0% used [0x000000076af80000,0x000000076af80000,0x0000000771a00000)
  from space 10752K, 89% used [0x0000000772c80000,0x00000007735dbd98,0x0000000773700000)
  to   space 7680K, 0% used [0x0000000773a00000,0x0000000773a00000,0x0000000774180000)
 ParOldGen       total 93696K, used 7507K [0x00000006c0e00000, 0x00000006c6980000, 0x000000076af80000)
  object space 93696K, 8% used [0x00000006c0e00000,0x00000006c1554c90,0x00000006c6980000)
 Metaspace       used 30067K, capacity 31294K, committed 31616K, reserved 1077248K
  class space    used 3883K, capacity 4145K, committed 4224K, reserved 1048576K
}

